Case #1:
GCC
GCC
JJJ
Case #2:
CODE
JJAM
JJAM
Case #3:
CA
KE
Case #4:
CE
CE
CD
BD
AD
AD
Case #5:
CGBD
CHEI
CAFJ
Case #6:
CEAB
CFHI
GGJD
Case #7:
EFI
KGL
DJC
ABH
Case #8:
FFBE
CCCA
DDDD
Case #9:
ABBD
CCFD
EEFD
Case #10:
FCD
EBD
EBA
EBA
Case #11:
BCC
DAA
FAA
EEE
Case #12:
BA
BA
Case #13:
BBF
DAF
CAF
EEF
Case #14:
ACCE
BDDE
BDDF
Case #15:
DCA
BEA
FFF
FFF
Case #16:
AAAA
BBBB
CCCC
Case #17:
EEE
FFA
CCB
DDD
Case #18:
BAC
Case #19:
B
A
Case #20:
BHJF
ALKI
CDGE
Case #21:
EBD
GAD
IFJ
CHJ
Case #22:
CDA
FBB
FBB
EEE
Case #23:
ABG
DHE
CJI
FFF
Case #24:
AA
AA
Case #25:
CBB
EAA
DDD
DDD
Case #26:
DCEE
BCEE
ACEE
Case #27:
ADD
BEE
CEE
Case #28:
BBAC
EEAC
EEAD
Case #29:
BAD
EFD
CCD
CCD
Case #30:
ABB
CCD
EED
EEF
Case #31:
ABCD
ABCD
ABCD
Case #32:
ADEE
BFEE
CCEE
Case #33:
DDE
AAB
CCC
CCC
Case #34:
AB
Case #35:
BBAC
EEAD
EEAD
Case #36:
DBEE
FCEE
AAEE
Case #37:
CHDE
GIKA
FBJJ
Case #38:
CGG
HAD
EFF
BFF
Case #39:
CHDE
BGFE
IIAE
Case #40:
HHE
AAJ
CDG
FBI
Case #41:
BD
AC
Case #42:
AABB
AABB
Case #43:
AAAA
BBBB
CCCC
Case #44:
ABBCCDDEEFFF
Case #45:
CBB
CBB
DEF
DAF
Case #46:
AACC
DDCC
BEEE
Case #47:
AAAE
BBDE
CCDE
Case #48:
ACCC
BCCC
BCCC
Case #49:
AEC
BDF
Case #50:
AAC
BBC
Case #51:
ABB
CCE
DDE
FFF
Case #52:
DAC
DAF
DAE
BAE
Case #53:
CDB
AAB
EFF
EFF
Case #54:
AACC
BBCC
BBCC
Case #55:
CEJA
IKGF
BBHD
Case #56:
EDF
BDA
CDA
CDA
Case #57:
ABC
DDD
EEE
Case #58:
AAD
AAD
EFC
BBC
Case #59:
AAA
Case #60:
AAAB
DDDB
EECB
Case #61:
AA
Case #62:
AAAA
BBBB
CCCC
Case #63:
DCBB
AAAA
EEEE
Case #64:
DEE
DCC
ABB
AFF
Case #65:
CCJJ
CCJJ
CCJJ
Case #66:
FAEB
GGCC
DDDD
Case #67:
AB
CB
CD
ED
EF
EF
Case #68:
ABCD
ABCD
ABCD
Case #69:
ABBCCF
DDEEEF
Case #70:
AAA
AAA
Case #71:
ACCD
BCCD
BCCD
Case #72:
ABCD
ABCD
ABCD
Case #73:
CAB
EAD
Case #74:
GHAE
LCJB
DKIF
Case #75:
AABC
AAED
IFGH
Case #76:
EEEE
BBBB
CDDA
Case #77:
BCE
ADE
ADE
ADE
Case #78:
CDB
AAB
Case #79:
CAAD
CAAD
CAAB
Case #80:
BEEE
DEEE
ACCC
Case #81:
AAA
BBB
Case #82:
FBE
FBA
DDA
CCC
Case #83:
CDB
FFB
AAE
AAE
Case #84:
CEBB
AABB
DDDD
Case #85:
A
B
B
C
C
D
D
E
E
F
F
F
Case #86:
CFD
CID
EHJ
AGB
Case #87:
CCB
FIH
FED
AAG
Case #88:
BA
CC
Case #89:
BCCA
BDDA
EEEE
Case #90:
BJD
CHI
EGL
FKA
Case #91:
CJI
KLG
HDB
AEF
Case #92:
A
Case #93:
CCD
ABD
ABD
ABD
Case #94:
CDAE
CDAE
BDAE
Case #95:
BGLK
DJEF
HCAI
Case #96:
EEA
EEA
BBA
DCA
Case #97:
AA
AA
BB
BB
Case #98:
BAA
Case #99:
A
A
Case #100:
JKAH
CGEB
IIDF
